TN:
SF:src/components/Forms/Button/index.tsx
FN:13,Button
FNF:1
FNH:0
FNDA:0,Button
DA:14,0
LF:1
LH:0
BRF:0
BRH:0
end_of_record
TN:
SF:src/components/Forms/CategorySelectButton/index.tsx
FN:9,CategorySelectButton
FNF:1
FNH:0
FNDA:0,CategorySelectButton
DA:15,0
LF:1
LH:0
BRF:0
BRH:0
end_of_record
TN:
SF:src/components/Forms/Input/index.tsx
FN:8,Input
FNF:1
FNH:1
FNDA:1,Input
DA:9,1
LF:1
LH:1
BRDA:8,0,0,0
BRF:1
BRH:0
end_of_record
TN:
SF:src/components/Forms/TransactionTypeButton/index.tsx
FN:12,TransactionTypeButton
FNF:1
FNH:0
FNDA:0,TransactionTypeButton
DA:13,0
LF:1
LH:0
BRF:0
BRH:0
end_of_record
TN:
SF:src/components/HighlightCard/index.tsx
FN:16,HighlightCard
FNF:1
FNH:0
FNDA:0,HighlightCard
DA:11,0
DA:17,0
LF:2
LH:0
BRF:0
BRH:0
end_of_record
TN:
SF:src/components/HistoryCard/index.tsx
FN:10,HistoryCard
FNF:1
FNH:0
FNDA:0,HistoryCard
DA:11,0
LF:1
LH:0
BRF:0
BRH:0
end_of_record
TN:
SF:src/components/InputForm/index.tsx
FN:12,InputForm
FN:17,(anonymous_1)
FNF:2
FNH:0
FNDA:0,InputForm
FNDA:0,(anonymous_1)
DA:13,0
DA:18,0
LF:2
LH:0
BRDA:26,0,0,0
BRDA:26,0,1,0
BRF:2
BRH:0
end_of_record
TN:
SF:src/components/SignInButton/index.tsx
FN:12,SignInButton
FNF:1
FNH:0
FNDA:0,SignInButton
DA:14,0
LF:1
LH:0
BRF:0
BRH:0
end_of_record
TN:
SF:src/components/TransactionCard/index.tsx
FN:24,TransactionCard
FN:26,(anonymous_1)
FNF:2
FNH:0
FNDA:0,TransactionCard
FNDA:0,(anonymous_1)
DA:26,0
DA:27,0
LF:2
LH:0
BRDA:31,0,0,0
BRDA:31,0,1,0
BRF:2
BRH:0
end_of_record
TN:
SF:src/hooks/auth.tsx
FN:32,AuthProvider
FN:36,signInWithGoogle
FN:60,signInWithApple
FN:83,(anonymous_3)
FN:84,loadUserStorageData
FN:95,signOut
FN:115,useAuth
FNF:7
FNH:5
FNDA:5,AuthProvider
FNDA:2,signInWithGoogle
FNDA:0,signInWithApple
FNDA:2,(anonymous_3)
FNDA:2,loadUserStorageData
FNDA:0,signOut
FNDA:5,useAuth
DA:29,2
DA:30,2
DA:33,5
DA:34,5
DA:37,2
DA:38,2
DA:45,2
DA:46,1
DA:53,1
DA:54,1
DA:57,0
DA:61,0
DA:62,0
DA:68,0
DA:69,0
DA:75,0
DA:76,0
DA:79,0
DA:83,5
DA:85,2
DA:86,2
DA:87,0
DA:88,0
DA:90,2
DA:92,2
DA:96,0
DA:97,0
DA:100,5
DA:116,5
DA:117,5
LF:30
LH:18
BRDA:45,0,0,1
BRDA:45,0,1,1
BRDA:68,1,0,0
BRDA:68,1,1,0
BRDA:86,2,0,0
BRDA:86,2,1,2
BRF:6
BRH:3
end_of_record
TN:
SF:src/routes/app.routes.tsx
FN:11,AppRoutes
FN:32,(anonymous_1)
FN:41,(anonymous_2)
FN:50,(anonymous_3)
FNF:4
FNH:0
FNDA:0,AppRoutes
FNDA:0,(anonymous_1)
FNDA:0,(anonymous_2)
FNDA:0,(anonymous_3)
DA:9,0
DA:12,0
DA:13,0
DA:33,0
DA:42,0
DA:51,0
LF:6
LH:0
BRDA:20,0,0,0
BRDA:20,0,1,0
BRF:2
BRH:0
end_of_record
TN:
SF:src/routes/auth.routes.tsx
FN:8,AuthRoutes
FNF:1
FNH:0
FNDA:0,AuthRoutes
DA:7,0
DA:9,0
LF:2
LH:0
BRF:0
BRH:0
end_of_record
TN:
SF:src/routes/index.tsx
FN:7,Routes
FNF:1
FNH:0
FNDA:0,Routes
DA:8,0
DA:9,0
DA:11,0
LF:3
LH:0
BRDA:13,0,0,0
BRDA:13,0,1,0
BRF:2
BRH:0
end_of_record
TN:
SF:src/screens/Authentication/index.tsx
FN:13,Authentication
FN:18,handleSignInGoogle
FN:31,handleSignInApple
FNF:3
FNH:0
FNDA:0,Authentication
FNDA:0,handleSignInGoogle
FNDA:0,handleSignInApple
DA:14,0
DA:15,0
DA:16,0
DA:19,0
DA:20,0
DA:21,0
DA:23,0
DA:24,0
DA:26,0
DA:32,0
DA:33,0
DA:34,0
DA:36,0
DA:37,0
DA:39,0
DA:44,0
LF:16
LH:0
BRDA:58,0,0,0
BRDA:58,0,1,0
BRDA:61,1,0,0
BRDA:61,1,1,0
BRF:4
BRH:0
end_of_record
TN:
SF:src/screens/CategorySelect/index.tsx
FN:18,CategorySelect
FN:20,handleCategorySelect
FN:32,(anonymous_2)
FN:33,(anonymous_3)
FN:34,(anonymous_4)
FN:36,(anonymous_5)
FNF:6
FNH:0
FNDA:0,CategorySelect
FNDA:0,handleCategorySelect
FNDA:0,(anonymous_2)
FNDA:0,(anonymous_3)
FNDA:0,(anonymous_4)
FNDA:0,(anonymous_5)
DA:21,0
DA:22,0
DA:26,0
DA:32,0
DA:33,0
DA:35,0
DA:36,0
LF:7
LH:0
BRF:0
BRH:0
end_of_record
TN:
SF:src/screens/Dashboard/index.tsx
FN:14,Dashboard
FN:38,loadData
FN:48,(anonymous_2)
FN:87,(anonymous_3)
FN:87,(anonymous_4)
FN:90,(anonymous_5)
FN:90,(anonymous_6)
FN:99,calculateSums
FN:102,(anonymous_8)
FN:107,(anonymous_9)
FN:149,(anonymous_10)
FN:150,(anonymous_11)
FNF:12
FNH:0
FNDA:0,Dashboard
FNDA:0,loadData
FNDA:0,(anonymous_2)
FNDA:0,(anonymous_3)
FNDA:0,(anonymous_4)
FNDA:0,(anonymous_5)
FNDA:0,(anonymous_6)
FNDA:0,calculateSums
FNDA:0,(anonymous_8)
FNDA:0,(anonymous_9)
FNDA:0,(anonymous_10)
FNDA:0,(anonymous_11)
DA:15,0
DA:16,0
DA:17,0
DA:18,0
DA:19,0
DA:20,0
DA:21,0
DA:22,0
DA:23,0
DA:24,0
DA:26,0
DA:27,0
DA:28,0
DA:29,0
DA:40,0
DA:42,0
DA:44,0
DA:45,0
DA:46,0
DA:48,0
DA:49,0
DA:53,0
DA:55,0
DA:61,0
DA:70,0
DA:71,0
DA:75,0
DA:79,0
DA:84,0
DA:86,0
DA:87,0
DA:88,0
DA:89,0
DA:90,0
DA:91,0
DA:92,0
DA:95,0
DA:102,0
DA:103,0
DA:107,0
DA:108,0
DA:109,0
DA:113,0
DA:149,0
DA:150,0
LF:45
LH:0
BRDA:44,0,0,0
BRDA:44,0,1,0
BRDA:45,1,0,0
BRDA:45,1,1,0
BRDA:53,2,0,0
BRDA:53,2,1,0
BRDA:86,3,0,0
BRDA:86,3,1,0
BRDA:87,4,0,0
BRDA:87,4,1,0
BRDA:90,5,0,0
BRDA:90,5,1,0
BRDA:115,6,0,0
BRDA:115,6,1,0
BRDA:118,7,0,0
BRDA:118,7,1,0
BRDA:142,8,0,0
BRDA:142,8,1,0
BRF:18
BRH:0
end_of_record
TN:
SF:src/screens/Profile/index.tsx
FN:3,Profile
FN:9,(anonymous_1)
FNF:2
FNH:1
FNDA:5,Profile
FNDA:0,(anonymous_1)
DA:4,5
LF:1
LH:1
BRF:0
BRH:0
end_of_record
TN:
SF:src/screens/Register/index.tsx
FN:36,Register
FN:51,handleSelectedTransactionType
FN:54,handleShowModal
FN:58,handleRegister
FN:123,(anonymous_4)
FN:130,(anonymous_5)
FNF:6
FNH:1
FNDA:1,Register
FNDA:0,handleSelectedTransactionType
FNDA:0,handleShowModal
FNDA:0,handleRegister
FNDA:0,(anonymous_4)
FNDA:0,(anonymous_5)
DA:28,1
DA:37,1
DA:38,1
DA:39,1
DA:48,1
DA:49,1
DA:50,0
DA:52,0
DA:55,0
DA:59,0
DA:60,0
DA:62,0
DA:63,0
DA:66,0
DA:74,0
DA:75,0
DA:76,0
DA:77,0
DA:78,0
DA:80,0
DA:81,0
DA:82,0
DA:83,0
DA:87,0
DA:89,0
DA:90,0
DA:94,0
DA:123,0
DA:130,0
LF:29
LH:6
BRDA:59,0,0,0
BRDA:59,0,1,0
BRDA:62,1,0,0
BRDA:62,1,1,0
BRDA:77,2,0,0
BRDA:77,2,1,0
BRDA:104,3,0,0
BRDA:104,3,1,0
BRDA:111,4,0,0
BRDA:111,4,1,0
BRF:10
BRH:0
end_of_record
TN:
SF:src/screens/Resume/index.tsx
FN:31,Resume
FN:41,handleDateChange
FN:53,loadTransactions
FN:58,(anonymous_3)
FN:62,(anonymous_4)
FN:65,(anonymous_5)
FN:67,(anonymous_6)
FN:99,(anonymous_7)
FN:124,(anonymous_8)
FN:128,(anonymous_9)
FN:148,(anonymous_10)
FN:151,(anonymous_11)
FNF:12
FNH:0
FNDA:0,Resume
FNDA:0,handleDateChange
FNDA:0,loadTransactions
FNDA:0,(anonymous_3)
FNDA:0,(anonymous_4)
FNDA:0,(anonymous_5)
FNDA:0,(anonymous_6)
FNDA:0,(anonymous_7)
FNDA:0,(anonymous_8)
FNDA:0,(anonymous_9)
FNDA:0,(anonymous_10)
FNDA:0,(anonymous_11)
DA:32,0
DA:33,0
DA:34,0
DA:35,0
DA:36,0
DA:37,0
DA:39,0
DA:42,0
DA:43,0
DA:44,0
DA:45,0
DA:48,0
DA:49,0
DA:55,0
DA:56,0
DA:57,0
DA:58,0
DA:62,0
DA:64,0
DA:65,0
DA:66,0
DA:67,0
DA:68,0
DA:69,0
DA:72,0
DA:73,0
DA:77,0
DA:78,0
DA:79,0
DA:91,0
DA:92,0
DA:98,0
DA:100,0
DA:105,0
DA:124,0
DA:128,0
DA:148,0
DA:152,0
LF:38
LH:0
BRDA:43,0,0,0
BRDA:43,0,1,0
BRDA:56,1,0,0
BRDA:56,1,1,0
BRDA:58,2,0,0
BRDA:58,2,1,0
BRDA:58,2,2,0
BRDA:58,2,3,0
BRDA:68,3,0,0
BRDA:68,3,1,0
BRDA:72,4,0,0
BRDA:72,4,1,0
BRDA:111,5,0,0
BRDA:111,5,1,0
BRF:14
BRH:0
end_of_record
